[14:28:40] [main/INFO]: Setting user: Player390
[14:28:42] [Client thread/INFO]: LWJGL Version: 2.9.1
[14:28:46] [Client thread/INFO]: Reloading ResourceManager: Default, FMLFileResourcePack:Forge Mod Loader, FMLFileResourcePack:Minecraft Forge, FMLFileResourcePack:DrZoidCraft
[14:28:47] [Sound Library Loader/INFO]: Sound engine started
[14:28:49] [Client thread/INFO]: Created: 512x256 textures/blocks-atlas
[14:28:49] [Client thread/INFO]: Created: 256x256 textures/items-atlas
[14:28:49] [Client thread/INFO]: Reloading ResourceManager: Default, FMLFileResourcePack:Forge Mod Loader, FMLFileResourcePack:Minecraft Forge, FMLFileResourcePack:DrZoidCraft
[14:28:49] [Client thread/INFO]: Created: 256x256 textures/items-atlas
[14:28:49] [Client thread/INFO]: Created: 512x256 textures/blocks-atlas
[14:28:50] [Sound Library Loader/INFO]: Sound engine started
[14:28:54] [Server thread/INFO]: Starting integrated minecraft server version 1.7.10
[14:28:54] [Server thread/INFO]: Generating keypair
[14:28:54] [Server thread/INFO]: Preparing start region for level 0
[14:28:55] [Server thread/INFO]: Changing view distance to 12, from 10
[14:28:55] [Server thread/INFO]: Player390[local:E:2dcfd4f9] logged in with entity id 261 at (-1009.3094465686439, 4.0, -644.274999752959)
[14:28:55] [Server thread/INFO]: Player390 joined the game
[14:28:59] [Server thread/INFO]: Player390 has just earned the achievement [Taking Inventory]
[14:28:59] [Client thread/INFO]: [CHAT] Player390 has just earned the achievement [Taking Inventory]
[14:29:18] [Server thread/INFO]: Saving and pausing game...
[14:29:18] [Server thread/INFO]: Saving chunks for level 'New World'/Overworld
[14:29:18] [Server thread/INFO]: Saving chunks for level 'New World'/Nether
[14:29:18] [Server thread/INFO]: Saving chunks for level 'New World'/The End
[14:29:19] [Server thread/INFO]: Stopping server
[14:29:19] [Server thread/INFO]: Saving players
[14:29:19] [Server thread/INFO]: Saving worlds
[14:29:19] [Server thread/INFO]: Saving chunks for level 'New World'/Overworld
[14:29:19] [Server thread/INFO]: Saving chunks for level 'New World'/Nether
[14:29:19] [Server thread/INFO]: Saving chunks for level 'New World'/The End
[14:29:20] [Client thread/INFO]: Stopping!
